<?xml version="1.0" encoding="UTF-8"?>
<!-- Generated by org.testng.reporters.JUnitXMLReporter -->
<testsuite ignored="0" hostname="srimokshams-MacBook-Air.local" failures="0" tests="1" name="Test" time="0.11" errors="0" timestamp="2023-08-16T14:38:30 IST">
  <testcase classname="Maveenpackage.parrelltesting" name="@BeforeTest bt1" time="-1.692176910387E9">
    <failure type="org.testng.TestNGException" message="
Parameter &amp;apos;mybrowser&amp;apos; is required by BeforeTest on method bt1 but has not been marked @Optional or defined
in /Users/srimoksham/eclipse-workspace/POM/July2021POMSeries/Automation ProjectAug2023/Moolya/TestNG/testng.xml">
      <![CDATA[org.testng.TestNGException: 
Parameter 'mybrowser' is required by BeforeTest on method bt1 but has not been marked @Optional or defined
in /Users/srimoksham/eclipse-workspace/POM/July2021POMSeries/Automation ProjectAug2023/Moolya/TestNG/testng.xml
... Removed 21 stack frames]]>
    </failure>
  </testcase> <!-- @BeforeTest bt1 -->
  <testcase classname="Maveenpackage.parrelltesting" name="@AfterTest test1" time="0.0">
    <skipped/>
  </testcase> <!-- @AfterTest test1 -->
  <testcase classname="Maveenpackage.parrelltesting" name="test" time="0.0">
    <skipped/>
  </testcase> <!-- test -->
</testsuite> <!-- Test -->
